<?xml version="1.0" encoding="utf-8"?><testsuites name="pytest tests"><testsuite name="pytest" errors="0" failures="0" skipped="0" tests="15" time="2.227" timestamp="2026-02-07T11:29:23.265416+00:00" hostname="agent-env-717d3f33-b4e3-410d-9183-8d68865de181"><testcase classname="backend.tests.test_new_features.TestSetup" name="test_health_check" time="0.072" /><testcase classname="backend.tests.test_new_features.TestSetup" name="test_register_or_login_user" time="0.285" /><testcase classname="backend.tests.test_new_features.TestBlueprintCSVTemplate" name="test_csv_template_download_requires_auth" time="0.038" /><testcase classname="backend.tests.test_new_features.TestBlueprintCSVTemplate" name="test_csv_template_download_success" time="0.340" /><testcase classname="backend.tests.test_new_features.TestBlueprintCSVTemplate" name="test_csv_template_content_structure" time="0.031" /><testcase classname="backend.tests.test_new_features.TestBlueprintCSVTemplate" name="test_csv_template_sample_blueprints" time="0.031" /><testcase classname="backend.tests.test_new_features.TestWhatsAppSettings" name="test_get_whatsapp_settings_requires_auth" time="0.032" /><testcase classname="backend.tests.test_new_features.TestWhatsAppSettings" name="test_get_whatsapp_settings_default_unconfigured" time="0.338" /><testcase classname="backend.tests.test_new_features.TestWhatsAppSettings" name="test_post_whatsapp_settings_requires_auth" time="0.035" /><testcase classname="backend.tests.test_new_features.TestWhatsAppSettings" name="test_post_whatsapp_settings_validates_credentials" time="0.338" /><testcase classname="backend.tests.test_new_features.TestWhatsAppSettings" name="test_post_whatsapp_settings_requires_fields" time="0.070" /><testcase classname="backend.tests.test_new_features.TestWhatsAppSettings" name="test_delete_whatsapp_settings_requires_auth" time="0.030" /><testcase classname="backend.tests.test_new_features.TestWhatsAppSettings" name="test_delete_whatsapp_settings_not_found" time="0.069" /><testcase classname="backend.tests.test_new_features.TestWhatsAppSendEndpoint" name="test_whatsapp_send_requires_auth" time="0.071" /><testcase classname="backend.tests.test_new_features.TestWhatsAppSendEndpoint" name="test_whatsapp_send_requires_configuration" time="0.334" /></testsuite></testsuites>