<?xml version="1.0" encoding="utf-8"?><testsuites name="pytest tests"><testsuite name="pytest" errors="0" failures="0" skipped="0" tests="19" time="2.124" timestamp="2026-02-08T06:52:04.883158+00:00" hostname="agent-env-717d3f33-b4e3-410d-9183-8d68865de181"><testcase classname="backend.tests.test_whatsapp_cloud_api.TestAuthSetup" name="test_health_check" time="0.074" /><testcase classname="backend.tests.test_whatsapp_cloud_api.TestWACloudSendEndpoint" name="test_wa_cloud_send_requires_auth" time="0.038" /><testcase classname="backend.tests.test_whatsapp_cloud_api.TestWACloudSendEndpoint" name="test_wa_cloud_send_requires_configuration" time="0.346" /><testcase classname="backend.tests.test_whatsapp_cloud_api.TestWACloudSendEndpoint" name="test_wa_cloud_send_validates_request_body" time="0.074" /><testcase classname="backend.tests.test_whatsapp_cloud_api.TestWACloudInboxEndpoint" name="test_wa_cloud_inbox_requires_auth" time="0.034" /><testcase classname="backend.tests.test_whatsapp_cloud_api.TestWACloudInboxEndpoint" name="test_wa_cloud_inbox_returns_structure" time="0.312" /><testcase classname="backend.tests.test_whatsapp_cloud_api.TestWACloudInboxEndpoint" name="test_wa_cloud_inbox_pagination" time="0.036" /><testcase classname="backend.tests.test_whatsapp_cloud_api.TestWACloudChatEndpoint" name="test_wa_cloud_chat_requires_auth" time="0.039" /><testcase classname="backend.tests.test_whatsapp_cloud_api.TestWACloudChatEndpoint" name="test_wa_cloud_chat_not_found" time="0.301" /><testcase classname="backend.tests.test_whatsapp_cloud_api.TestWhatsAppWebhookVerification" name="test_webhook_verification_success" time="0.033" /><testcase classname="backend.tests.test_whatsapp_cloud_api.TestWhatsAppWebhookVerification" name="test_webhook_verification_wrong_token" time="0.037" /><testcase classname="backend.tests.test_whatsapp_cloud_api.TestWhatsAppWebhookVerification" name="test_webhook_verification_wrong_mode" time="0.077" /><testcase classname="backend.tests.test_whatsapp_cloud_api.TestWhatsAppWebhookVerification" name="test_webhook_verification_missing_params" time="0.033" /><testcase classname="backend.tests.test_whatsapp_cloud_api.TestWhatsAppWebhookReceive" name="test_webhook_receive_valid_payload" time="0.076" /><testcase classname="backend.tests.test_whatsapp_cloud_api.TestWhatsAppWebhookReceive" name="test_webhook_receive_incoming_message" time="0.041" /><testcase classname="backend.tests.test_whatsapp_cloud_api.TestWhatsAppWebhookReceive" name="test_webhook_receive_empty_payload" time="0.038" /><testcase classname="backend.tests.test_whatsapp_cloud_api.TestWhatsAppWebhookReceive" name="test_webhook_receive_non_whatsapp_object" time="0.034" /><testcase classname="backend.tests.test_whatsapp_cloud_api.TestLegacyWhatsAppEndpoint" name="test_legacy_whatsapp_send_requires_auth" time="0.038" /><testcase classname="backend.tests.test_whatsapp_cloud_api.TestLegacyWhatsAppEndpoint" name="test_legacy_whatsapp_send_requires_configuration" time="0.340" /></testsuite></testsuites>