<?xml version="1.0" encoding="utf-8"?><testsuites name="pytest tests"><testsuite name="pytest" errors="0" failures="0" skipped="0" tests="19" time="0.222" timestamp="2026-02-16T06:02:18.887351+00:00" hostname="agent-env-f211ff9e-4217-410a-a05c-20ce9f4eabc7"><testcase classname="tests.test_phone_formatting.TestPhoneFormattingBasic" name="test_10_digit_indian_number_gets_91_prefix" time="0.000" /><testcase classname="tests.test_phone_formatting.TestPhoneFormattingBasic" name="test_10_digit_with_spaces" time="0.000" /><testcase classname="tests.test_phone_formatting.TestPhoneFormattingBasic" name="test_10_digit_with_dashes" time="0.000" /><testcase classname="tests.test_phone_formatting.TestPhoneFormattingBasic" name="test_10_digit_with_mixed_separators" time="0.000" /><testcase classname="tests.test_phone_formatting.TestPhoneFormattingTrunkPrefix" name="test_11_digit_with_leading_zero" time="0.000" /><testcase classname="tests.test_phone_formatting.TestPhoneFormattingTrunkPrefix" name="test_11_digit_with_leading_zero_and_spaces" time="0.000" /><testcase classname="tests.test_phone_formatting.TestPhoneFormattingExistingCountryCode" name="test_12_digit_with_91_prefix" time="0.000" /><testcase classname="tests.test_phone_formatting.TestPhoneFormattingExistingCountryCode" name="test_full_format_with_plus" time="0.000" /><testcase classname="tests.test_phone_formatting.TestPhoneFormattingExistingCountryCode" name="test_full_format_with_plus_and_spaces" time="0.000" /><testcase classname="tests.test_phone_formatting.TestPhoneFormattingEdgeCases" name="test_empty_string" time="0.000" /><testcase classname="tests.test_phone_formatting.TestPhoneFormattingEdgeCases" name="test_none_value" time="0.000" /><testcase classname="tests.test_phone_formatting.TestPhoneFormattingEdgeCases" name="test_number_with_parentheses" time="0.000" /><testcase classname="tests.test_phone_formatting.TestPhoneFormattingEdgeCases" name="test_number_with_country_code_in_brackets" time="0.000" /><testcase classname="tests.test_phone_formatting.TestPhoneFormattingOtherCountries" name="test_us_number_with_plus" time="0.000" /><testcase classname="tests.test_phone_formatting.TestPhoneFormattingOtherCountries" name="test_uk_number_with_plus" time="0.000" /><testcase classname="tests.test_phone_formatting.TestPhoneFormattingRealWorldScenarios" name="test_typical_indian_mobile_number" time="0.000" /><testcase classname="tests.test_phone_formatting.TestPhoneFormattingRealWorldScenarios" name="test_airtel_number_format" time="0.000" /><testcase classname="tests.test_phone_formatting.TestPhoneFormattingRealWorldScenarios" name="test_jio_number_format" time="0.000" /><testcase classname="tests.test_phone_formatting.TestPhoneFormattingRealWorldScenarios" name="test_bsnl_number_format" time="0.000" /></testsuite></testsuites>