<?xml version="1.0" encoding="utf-8"?><testsuites name="pytest tests"><testsuite name="pytest" errors="0" failures="0" skipped="0" tests="11" time="46.051" timestamp="2026-02-10T14:52:45.388609+00:00" hostname="agent-env-b0354afa-2946-4837-8a11-244ad8dcfe98"><testcase classname="backend.tests.test_ai_business_profile_isolation.TestBusinessProfileIsolation" name="test_health_check" time="0.099" /><testcase classname="backend.tests.test_ai_business_profile_isolation.TestBusinessProfileIsolation" name="test_restaurant_blueprint_no_it_content" time="6.901" /><testcase classname="backend.tests.test_ai_business_profile_isolation.TestBusinessProfileIsolation" name="test_restaurant_blueprint_multiple_angles" time="14.080" /><testcase classname="backend.tests.test_ai_business_profile_isolation.TestBusinessProfileIsolation" name="test_restaurant_whatsapp_blueprint" time="5.112" /><testcase classname="backend.tests.test_ai_business_profile_isolation.TestBusinessProfileIsolation" name="test_no_business_profile_error_message" time="6.070" /><testcase classname="backend.tests.test_ai_business_profile_isolation.TestBusinessProfileIsolation" name="test_restaurant_batch_message_generation" time="9.051" /><testcase classname="backend.tests.test_ai_business_profile_isolation.TestBusinessProfileIsolation" name="test_restaurant_single_message_generation" time="4.214" /><testcase classname="backend.tests.test_ai_business_profile_isolation.TestBusinessProfileEndpoints" name="test_get_business_profile_empty" time="0.314" /><testcase classname="backend.tests.test_ai_business_profile_isolation.TestBusinessProfileEndpoints" name="test_create_business_profile" time="0.036" /><testcase classname="backend.tests.test_ai_business_profile_isolation.TestBusinessProfileEndpoints" name="test_get_business_profile_after_create" time="0.038" /><testcase classname="backend.tests.test_ai_business_profile_isolation.TestBusinessProfileEndpoints" name="test_update_business_profile" time="0.075" /></testsuite></testsuites>