<?xml version="1.0" encoding="utf-8"?><testsuites name="pytest tests"><testsuite name="pytest" errors="0" failures="0" skipped="0" tests="21" time="88.811" timestamp="2026-02-08T14:09:44.800790+00:00" hostname="agent-env-a6d1ffc0-2f6e-4421-8758-f4d26a320ba5"><testcase classname="backend.tests.test_ai_features.TestAIBlueprintGeneration" name="test_health_check" time="0.107" /><testcase classname="backend.tests.test_ai_features.TestAIBlueprintGeneration" name="test_generate_ai_blueprint_requires_auth" time="0.043" /><testcase classname="backend.tests.test_ai_features.TestAIBlueprintGeneration" name="test_generate_ai_blueprint_email_cost" time="6.383" /><testcase classname="backend.tests.test_ai_features.TestAIBlueprintGeneration" name="test_generate_ai_blueprint_email_risk" time="4.005" /><testcase classname="backend.tests.test_ai_features.TestAIBlueprintGeneration" name="test_generate_ai_blueprint_email_downtime" time="5.848" /><testcase classname="backend.tests.test_ai_features.TestAIBlueprintGeneration" name="test_generate_ai_blueprint_email_growth" time="5.037" /><testcase classname="backend.tests.test_ai_features.TestAIBlueprintGeneration" name="test_generate_ai_blueprint_whatsapp" time="3.223" /><testcase classname="backend.tests.test_ai_features.TestAIBlueprintGeneration" name="test_generate_ai_blueprint_linkedin" time="5.329" /><testcase classname="backend.tests.test_ai_features.TestAIBlueprintGeneration" name="test_generate_ai_blueprint_with_target_role" time="3.955" /><testcase classname="backend.tests.test_ai_features.TestAIBlueprintGeneration" name="test_blueprint_no_pricing_mentioned" time="11.721" /><testcase classname="backend.tests.test_ai_features.TestAIBatchMessageGeneration" name="test_batch_generate_requires_auth" time="0.060" /><testcase classname="backend.tests.test_ai_features.TestAIBatchMessageGeneration" name="test_batch_generate_messages" time="3.840" /><testcase classname="backend.tests.test_ai_features.TestAIBatchMessageGeneration" name="test_batch_generate_with_specific_blueprint" time="0.085" /><testcase classname="backend.tests.test_ai_features.TestBrandReferencesInContent" name="test_technology_industry_brand_references" time="4.524" /><testcase classname="backend.tests.test_ai_features.TestBrandReferencesInContent" name="test_healthcare_industry_compliance_focus" time="4.068" /><testcase classname="backend.tests.test_ai_features.TestBrandReferencesInContent" name="test_finance_industry_reliability_focus" time="3.745" /><testcase classname="backend.tests.test_ai_features.TestChannelCompliance" name="test_email_channel_length_compliance" time="5.357" /><testcase classname="backend.tests.test_ai_features.TestChannelCompliance" name="test_whatsapp_channel_opt_out_compliance" time="2.889" /><testcase classname="backend.tests.test_ai_features.TestChannelCompliance" name="test_whatsapp_channel_brevity" time="3.096" /><testcase classname="backend.tests.test_ai_features.TestNoPricingOrCompetitors" name="test_no_pricing_in_cost_angle" time="4.170" /><testcase classname="backend.tests.test_ai_features.TestNoPricingOrCompetitors" name="test_no_competitor_names" time="11.226" /></testsuite></testsuites>