<?xml version="1.0" encoding="utf-8"?><testsuites name="pytest tests"><testsuite name="pytest" errors="0" failures="4" skipped="0" tests="11" time="34.792" timestamp="2026-02-10T14:51:15.105355+00:00" hostname="agent-env-b0354afa-2946-4837-8a11-244ad8dcfe98"><testcase classname="backend.tests.test_ai_business_profile_isolation.TestBusinessProfileIsolation" name="test_health_check" time="0.075" /><testcase classname="backend.tests.test_ai_business_profile_isolation.TestBusinessProfileIsolation" name="test_restaurant_blueprint_no_it_content" time="6.398" /><testcase classname="backend.tests.test_ai_business_profile_isolation.TestBusinessProfileIsolation" name="test_restaurant_blueprint_multiple_angles" time="5.813"><failure message="AssertionError: CRITICAL BUG: Restaurant blueprint (cost angle) contains IT keywords: ['hp']&#10;  Content: {{first_name}}, I’m curious—when {{company_name}} hosts business dinners, what’s your current approach to keeping the experience smooth without creating extra work for your team?  &#10;  As a {{job_title}}, you’re likely balancing guest expectations, timing, and service details that can quietly drain inte&#10;assert 1 == 0&#10; +  where 1 = len(['hp'])">backend/tests/test_ai_business_profile_isolation.py:283: in test_restaurant_blueprint_multiple_angles
    assert len(found_it_keywords) == 0, (
E   AssertionError: CRITICAL BUG: Restaurant blueprint (cost angle) contains IT keywords: ['hp']
E     Content: {{first_name}}, I’m curious—when {{company_name}} hosts business dinners, what’s your current approach to keeping the experience smooth without creating extra work for your team?  
E     As a {{job_title}}, you’re likely balancing guest expectations, timing, and service details that can quietly drain inte
E   assert 1 == 0
E    +  where 1 = len(['hp'])</failure></testcase><testcase classname="backend.tests.test_ai_business_profile_isolation.TestBusinessProfileIsolation" name="test_restaurant_whatsapp_blueprint" time="5.641" /><testcase classname="backend.tests.test_ai_business_profile_isolation.TestBusinessProfileIsolation" name="test_no_business_profile_error_message" time="5.294" /><testcase classname="backend.tests.test_ai_business_profile_isolation.TestBusinessProfileIsolation" name="test_restaurant_batch_message_generation" time="7.900"><failure message="AssertionError: CRITICAL BUG: Restaurant message contains IT keywords: ['hp']&#10;  Message: more new york teams are treating client dinners as a relationship-building touchpoint, not just a reservation.  &#10;  john, quick question from the outside...&#10;assert 1 == 0&#10; +  where 1 = len(['hp'])">backend/tests/test_ai_business_profile_isolation.py:426: in test_restaurant_batch_message_generation
    assert len(found_it_keywords) == 0, (
E   AssertionError: CRITICAL BUG: Restaurant message contains IT keywords: ['hp']
E     Message: more new york teams are treating client dinners as a relationship-building touchpoint, not just a reservation.  
E     john, quick question from the outside...
E   assert 1 == 0
E    +  where 1 = len(['hp'])</failure></testcase><testcase classname="backend.tests.test_ai_business_profile_isolation.TestBusinessProfileIsolation" name="test_restaurant_single_message_generation" time="3.094" /><testcase classname="backend.tests.test_ai_business_profile_isolation.TestBusinessProfileEndpoints" name="test_get_business_profile_empty" time="0.317" /><testcase classname="backend.tests.test_ai_business_profile_isolation.TestBusinessProfileEndpoints" name="test_create_business_profile" time="0.034"><failure message="KeyError: 'company_name'">backend/tests/test_ai_business_profile_isolation.py:559: in test_create_business_profile
    assert data["company_name"] == "Test Company"
           ^^^^^^^^^^^^^^^^^^^^
E   KeyError: 'company_name'</failure></testcase><testcase classname="backend.tests.test_ai_business_profile_isolation.TestBusinessProfileEndpoints" name="test_get_business_profile_after_create" time="0.035" /><testcase classname="backend.tests.test_ai_business_profile_isolation.TestBusinessProfileEndpoints" name="test_update_business_profile" time="0.035"><failure message="KeyError: 'tagline'">backend/tests/test_ai_business_profile_isolation.py:592: in test_update_business_profile
    assert data["tagline"] == "Updated tagline"
           ^^^^^^^^^^^^^^^
E   KeyError: 'tagline'</failure></testcase></testsuite></testsuites>