<?xml version="1.0" encoding="utf-8"?><testsuites name="pytest tests"><testsuite name="pytest" errors="0" failures="1" skipped="0" tests="21" time="81.789" timestamp="2026-02-08T14:05:58.914155+00:00" hostname="agent-env-a6d1ffc0-2f6e-4421-8758-f4d26a320ba5"><testcase classname="backend.tests.test_ai_features.TestAIBlueprintGeneration" name="test_health_check" time="0.084" /><testcase classname="backend.tests.test_ai_features.TestAIBlueprintGeneration" name="test_generate_ai_blueprint_requires_auth" time="0.039" /><testcase classname="backend.tests.test_ai_features.TestAIBlueprintGeneration" name="test_generate_ai_blueprint_email_cost" time="6.627" /><testcase classname="backend.tests.test_ai_features.TestAIBlueprintGeneration" name="test_generate_ai_blueprint_email_risk" time="4.269" /><testcase classname="backend.tests.test_ai_features.TestAIBlueprintGeneration" name="test_generate_ai_blueprint_email_downtime" time="3.869" /><testcase classname="backend.tests.test_ai_features.TestAIBlueprintGeneration" name="test_generate_ai_blueprint_email_growth" time="4.316" /><testcase classname="backend.tests.test_ai_features.TestAIBlueprintGeneration" name="test_generate_ai_blueprint_whatsapp" time="3.390" /><testcase classname="backend.tests.test_ai_features.TestAIBlueprintGeneration" name="test_generate_ai_blueprint_linkedin" time="5.389" /><testcase classname="backend.tests.test_ai_features.TestAIBlueprintGeneration" name="test_generate_ai_blueprint_with_target_role" time="6.223" /><testcase classname="backend.tests.test_ai_features.TestAIBlueprintGeneration" name="test_blueprint_no_pricing_mentioned" time="3.678"><failure message="AssertionError: Blueprint (cost) should NOT mention 'fee'. Found in: reactive it is loud; proactive it is almost invisible.  &#10;  when support only shows up after a device fails or access breaks, the “in-between” work piles up at {{company_name}}.  &#10;  for a {{job_title}}, th&#10;assert 'fee' not in 'reactive it...tly managed?'&#10;  &#10;  'fee' is contained here:&#10;    reactive it is loud; proactive it is almost invisible.  &#10;    when support only shows up after a device fails or access breaks, the “in-between” work piles up at {{company_name}}.  &#10;    for a {{job_title}}, that usually means hidden inefficiencies: unmanaged updates, drifting configs, and security gaps that steal focus.  &#10;    we run preventive support, monitoring, endpoint management, and device lifecycle so issues get handled before users feel them.  &#10;  ?                                                                                                                     +++...&#10;  &#10;  ...Full output truncated (1 line hidden), use '-vv' to show">backend/tests/test_ai_features.py:349: in test_blueprint_no_pricing_mentioned
    assert keyword not in structure, f"Blueprint ({angle}) should NOT mention '{keyword}'. Found in: {structure[:200]}"
E   AssertionError: Blueprint (cost) should NOT mention 'fee'. Found in: reactive it is loud; proactive it is almost invisible.  
E     when support only shows up after a device fails or access breaks, the “in-between” work piles up at {{company_name}}.  
E     for a {{job_title}}, th
E   assert 'fee' not in 'reactive it...tly managed?'
E     
E     'fee' is contained here:
E       reactive it is loud; proactive it is almost invisible.  
E       when support only shows up after a device fails or access breaks, the “in-between” work piles up at {{company_name}}.  
E       for a {{job_title}}, that usually means hidden inefficiencies: unmanaged updates, drifting configs, and security gaps that steal focus.  
E       we run preventive support, monitoring, endpoint management, and device lifecycle so issues get handled before users feel them.  
E     ?                                                                                                                     +++...
E     
E     ...Full output truncated (1 line hidden), use '-vv' to show</failure></testcase><testcase classname="backend.tests.test_ai_features.TestAIBatchMessageGeneration" name="test_batch_generate_requires_auth" time="0.040" /><testcase classname="backend.tests.test_ai_features.TestAIBatchMessageGeneration" name="test_batch_generate_messages" time="3.385" /><testcase classname="backend.tests.test_ai_features.TestAIBatchMessageGeneration" name="test_batch_generate_with_specific_blueprint" time="0.100" /><testcase classname="backend.tests.test_ai_features.TestBrandReferencesInContent" name="test_technology_industry_brand_references" time="4.302" /><testcase classname="backend.tests.test_ai_features.TestBrandReferencesInContent" name="test_healthcare_industry_compliance_focus" time="3.551" /><testcase classname="backend.tests.test_ai_features.TestBrandReferencesInContent" name="test_finance_industry_reliability_focus" time="4.070" /><testcase classname="backend.tests.test_ai_features.TestChannelCompliance" name="test_email_channel_length_compliance" time="4.321" /><testcase classname="backend.tests.test_ai_features.TestChannelCompliance" name="test_whatsapp_channel_opt_out_compliance" time="2.849" /><testcase classname="backend.tests.test_ai_features.TestChannelCompliance" name="test_whatsapp_channel_brevity" time="3.493" /><testcase classname="backend.tests.test_ai_features.TestNoPricingOrCompetitors" name="test_no_pricing_in_cost_angle" time="4.344" /><testcase classname="backend.tests.test_ai_features.TestNoPricingOrCompetitors" name="test_no_competitor_names" time="13.215" /></testsuite></testsuites>