<?xml version="1.0" encoding="utf-8"?><testsuites name="pytest tests"><testsuite name="pytest" errors="0" failures="0" skipped="0" tests="6" time="0.169" timestamp="2026-02-16T06:02:53.225345+00:00" hostname="agent-env-f211ff9e-4217-410a-a05c-20ce9f4eabc7"><testcase classname="tests.test_whatsapp_phone_integration.TestSendWhatsAppMessageIntegration" name="test_send_whatsapp_formats_10_digit_number" time="0.005" /><testcase classname="tests.test_whatsapp_phone_integration.TestSendWhatsAppMessageIntegration" name="test_send_whatsapp_formats_trunk_prefix_number" time="0.003" /><testcase classname="tests.test_whatsapp_phone_integration.TestSendWhatsAppMessageIntegration" name="test_send_whatsapp_preserves_full_format" time="0.002" /><testcase classname="tests.test_whatsapp_phone_integration.TestCodeReviewVerification" name="test_format_function_called_in_send_whatsapp" time="0.001" /><testcase classname="tests.test_whatsapp_phone_integration.TestCodeReviewVerification" name="test_format_function_called_in_wa_web_messages" time="0.001" /><testcase classname="tests.test_whatsapp_phone_integration.TestCodeReviewVerification" name="test_phone_formatting_logic_correctness" time="0.000" /></testsuite></testsuites>